{"F:\\microverse\\pratices\\module2\\Todo_list\\src\\modules\\add.js": {"path":"F:\\microverse\\pratices\\module2\\Todo_list\\src\\modules\\add.js","statementMap":{"0":{"start":{"line":4,"column":20},"end":{"line":4,"column":69}},"1":{"start":{"line":5,"column":18},"end":{"line":5,"column":38}},"2":{"start":{"line":6,"column":18},"end":{"line":6,"column":41}},"3":{"start":{"line":7,"column":2},"end":{"line":7,"column":26}},"4":{"start":{"line":8,"column":2},"end":{"line":8,"column":61}},"5":{"start":{"line":9,"column":20},"end":{"line":9,"column":57}},"6":{"start":{"line":10,"column":2},"end":{"line":10,"column":23}}},"fnMap":{"0":{"name":"addTask","decl":{"start":{"line":3,"column":24},"end":{"line":3,"column":31}},"loc":{"start":{"line":3,"column":38},"end":{"line":11,"column":1}},"line":3}},"branchMap":{"0":{"loc":{"start":{"line":4,"column":20},"end":{"line":4,"column":69}},"type":"binary-expr","locations":[{"start":{"line":4,"column":20},"end":{"line":4,"column":63}},{"start":{"line":4,"column":67},"end":{"line":4,"column":69}}],"line":4}},"s":{"0":2,"1":2,"2":2,"3":2,"4":2,"5":2,"6":2},"f":{"0":2},"b":{"0":[2,2]},"_coverageSchema":"1a1c01bbd47fc00a2c39e90264f33305004495a9","hash":"48c70d7dd6c0c2b7b9108dc4e708d2d46e6b1066"}
,"F:\\microverse\\pratices\\module2\\Todo_list\\src\\modules\\display.js": {"path":"F:\\microverse\\pratices\\module2\\Todo_list\\src\\modules\\display.js","statementMap":{"0":{"start":{"line":2,"column":19},"end":{"line":2,"column":55}},"1":{"start":{"line":6,"column":18},"end":{"line":6,"column":67}},"2":{"start":{"line":7,"column":2},"end":{"line":7,"column":26}},"3":{"start":{"line":8,"column":2},"end":{"line":84,"column":5}},"4":{"start":{"line":9,"column":21},"end":{"line":9,"column":49}},"5":{"start":{"line":10,"column":4},"end":{"line":19,"column":13}},"6":{"start":{"line":20,"column":4},"end":{"line":20,"column":35}},"7":{"start":{"line":22,"column":22},"end":{"line":22,"column":55}},"8":{"start":{"line":23,"column":22},"end":{"line":23,"column":55}},"9":{"start":{"line":24,"column":21},"end":{"line":24,"column":57}},"10":{"start":{"line":25,"column":21},"end":{"line":25,"column":57}},"11":{"start":{"line":26,"column":21},"end":{"line":26,"column":56}},"12":{"start":{"line":28,"column":4},"end":{"line":28,"column":37}},"13":{"start":{"line":30,"column":4},"end":{"line":30,"column":38}},"14":{"start":{"line":31,"column":4},"end":{"line":35,"column":5}},"15":{"start":{"line":32,"column":6},"end":{"line":32,"column":53}},"16":{"start":{"line":34,"column":6},"end":{"line":34,"column":45}},"17":{"start":{"line":39,"column":4},"end":{"line":48,"column":7}},"18":{"start":{"line":40,"column":6},"end":{"line":40,"column":40}},"19":{"start":{"line":41,"column":6},"end":{"line":41,"column":65}},"20":{"start":{"line":43,"column":6},"end":{"line":47,"column":7}},"21":{"start":{"line":44,"column":8},"end":{"line":44,"column":55}},"22":{"start":{"line":46,"column":8},"end":{"line":46,"column":47}},"23":{"start":{"line":52,"column":4},"end":{"line":57,"column":7}},"24":{"start":{"line":53,"column":6},"end":{"line":53,"column":25}},"25":{"start":{"line":54,"column":6},"end":{"line":54,"column":40}},"26":{"start":{"line":55,"column":6},"end":{"line":55,"column":39}},"27":{"start":{"line":56,"column":6},"end":{"line":56,"column":49}},"28":{"start":{"line":59,"column":4},"end":{"line":67,"column":7}},"29":{"start":{"line":60,"column":6},"end":{"line":60,"column":25}},"30":{"start":{"line":61,"column":20},"end":{"line":61,"column":62}},"31":{"start":{"line":62,"column":6},"end":{"line":62,"column":43}},"32":{"start":{"line":63,"column":6},"end":{"line":63,"column":65}},"33":{"start":{"line":64,"column":6},"end":{"line":64,"column":39}},"34":{"start":{"line":65,"column":6},"end":{"line":65,"column":40}},"35":{"start":{"line":66,"column":6},"end":{"line":66,"column":46}},"36":{"start":{"line":71,"column":4},"end":{"line":82,"column":7}},"37":{"start":{"line":72,"column":6},"end":{"line":72,"column":25}},"38":{"start":{"line":73,"column":17},"end":{"line":73,"column":58}},"39":{"start":{"line":73,"column":44},"end":{"line":73,"column":57}},"40":{"start":{"line":74,"column":6},"end":{"line":74,"column":23}},"41":{"start":{"line":75,"column":6},"end":{"line":78,"column":9}},"42":{"start":{"line":76,"column":8},"end":{"line":76,"column":49}},"43":{"start":{"line":77,"column":8},"end":{"line":77,"column":20}},"44":{"start":{"line":79,"column":6},"end":{"line":79,"column":23}},"45":{"start":{"line":80,"column":6},"end":{"line":80,"column":65}},"46":{"start":{"line":81,"column":6},"end":{"line":81,"column":37}},"47":{"start":{"line":83,"column":4},"end":{"line":83,"column":20}}},"fnMap":{"0":{"name":"displayTasks","decl":{"start":{"line":1,"column":24},"end":{"line":1,"column":36}},"loc":{"start":{"line":1,"column":39},"end":{"line":85,"column":1}},"line":1},"1":{"name":"(anonymous_1)","decl":{"start":{"line":8,"column":16},"end":{"line":8,"column":17}},"loc":{"start":{"line":8,"column":26},"end":{"line":84,"column":3}},"line":8},"2":{"name":"(anonymous_2)","decl":{"start":{"line":39,"column":40},"end":{"line":39,"column":41}},"loc":{"start":{"line":39,"column":46},"end":{"line":48,"column":5}},"line":39},"3":{"name":"(anonymous_3)","decl":{"start":{"line":52,"column":39},"end":{"line":52,"column":40}},"loc":{"start":{"line":52,"column":46},"end":{"line":57,"column":5}},"line":52},"4":{"name":"(anonymous_4)","decl":{"start":{"line":59,"column":40},"end":{"line":59,"column":41}},"loc":{"start":{"line":59,"column":47},"end":{"line":67,"column":5}},"line":59},"5":{"name":"(anonymous_5)","decl":{"start":{"line":71,"column":40},"end":{"line":71,"column":41}},"loc":{"start":{"line":71,"column":47},"end":{"line":82,"column":5}},"line":71},"6":{"name":"(anonymous_6)","decl":{"start":{"line":73,"column":34},"end":{"line":73,"column":35}},"loc":{"start":{"line":73,"column":44},"end":{"line":73,"column":57}},"line":73},"7":{"name":"(anonymous_7)","decl":{"start":{"line":75,"column":27},"end":{"line":75,"column":28}},"loc":{"start":{"line":75,"column":37},"end":{"line":78,"column":7}},"line":75}},"branchMap":{"0":{"loc":{"start":{"line":6,"column":18},"end":{"line":6,"column":67}},"type":"binary-expr","locations":[{"start":{"line":6,"column":18},"end":{"line":6,"column":61}},{"start":{"line":6,"column":65},"end":{"line":6,"column":67}}],"line":6},"1":{"loc":{"start":{"line":31,"column":4},"end":{"line":35,"column":5}},"type":"if","locations":[{"start":{"line":31,"column":4},"end":{"line":35,"column":5}},{"start":{"line":33,"column":11},"end":{"line":35,"column":5}}],"line":31},"2":{"loc":{"start":{"line":43,"column":6},"end":{"line":47,"column":7}},"type":"if","locations":[{"start":{"line":43,"column":6},"end":{"line":47,"column":7}},{"start":{"line":45,"column":13},"end":{"line":47,"column":7}}],"line":43}},"s":{"0":2,"1":2,"2":2,"3":2,"4":2,"5":2,"6":2,"7":2,"8":2,"9":2,"10":2,"11":2,"12":2,"13":2,"14":2,"15":0,"16":2,"17":2,"18":0,"19":0,"20":0,"21":0,"22":0,"23":2,"24":0,"25":0,"26":0,"27":0,"28":2,"29":0,"30":0,"31":0,"32":0,"33":0,"34":0,"35":0,"36":2,"37":1,"38":1,"39":1,"40":1,"41":1,"42":0,"43":0,"44":1,"45":1,"46":1,"47":2},"f":{"0":2,"1":2,"2":0,"3":0,"4":0,"5":1,"6":1,"7":0},"b":{"0":[2,0],"1":[0,2],"2":[0,0]},"_coverageSchema":"1a1c01bbd47fc00a2c39e90264f33305004495a9","hash":"4c3274febf9a2aecdfb0d7fa4645d4ae1fe235fd"}
,"F:\\microverse\\pratices\\module2\\Todo_list\\src\\modules\\task.js": {"path":"F:\\microverse\\pratices\\module2\\Todo_list\\src\\modules\\task.js","statementMap":{"0":{"start":{"line":3,"column":4},"end":{"line":3,"column":23}},"1":{"start":{"line":4,"column":4},"end":{"line":4,"column":35}},"2":{"start":{"line":5,"column":4},"end":{"line":5,"column":27}}},"fnMap":{"0":{"name":"(anonymous_0)","decl":{"start":{"line":2,"column":2},"end":{"line":2,"column":3}},"loc":{"start":{"line":2,"column":34},"end":{"line":6,"column":3}},"line":2}},"branchMap":{},"s":{"0":2,"1":2,"2":2},"f":{"0":2},"b":{},"_coverageSchema":"1a1c01bbd47fc00a2c39e90264f33305004495a9","hash":"0e799d4b8e9e7ddab86d129fb6b2c53ff4a7597e"}
}
