TN:
SF:src\modules\add.js
FN:3,addTask
FNF:1
FNH:1
FNDA:2,addTask
DA:4,2
DA:5,2
DA:6,2
DA:7,2
DA:8,2
DA:9,2
DA:10,2
LF:7
LH:7
BRDA:4,0,0,2
BRDA:4,0,1,2
BRF:2
BRH:2
end_of_record
TN:
SF:src\modules\display.js
FN:1,displayTasks
FN:8,(anonymous_1)
FN:39,(anonymous_2)
FN:52,(anonymous_3)
FN:59,(anonymous_4)
FN:71,(anonymous_5)
FN:73,(anonymous_6)
FN:75,(anonymous_7)
FNF:8
FNH:4
FNDA:2,displayTasks
FNDA:2,(anonymous_1)
FNDA:0,(anonymous_2)
FNDA:0,(anonymous_3)
FNDA:0,(anonymous_4)
FNDA:1,(anonymous_5)
FNDA:1,(anonymous_6)
FNDA:0,(anonymous_7)
DA:2,2
DA:6,2
DA:7,2
DA:8,2
DA:9,2
DA:10,2
DA:20,2
DA:22,2
DA:23,2
DA:24,2
DA:25,2
DA:26,2
DA:28,2
DA:30,2
DA:31,2
DA:32,0
DA:34,2
DA:39,2
DA:40,0
DA:41,0
DA:43,0
DA:44,0
DA:46,0
DA:52,2
DA:53,0
DA:54,0
DA:55,0
DA:56,0
DA:59,2
DA:60,0
DA:61,0
DA:62,0
DA:63,0
DA:64,0
DA:65,0
DA:66,0
DA:71,2
DA:72,1
DA:73,1
DA:74,1
DA:75,1
DA:76,0
DA:77,0
DA:79,1
DA:80,1
DA:81,1
DA:83,2
LF:47
LH:28
BRDA:6,0,0,2
BRDA:6,0,1,0
BRDA:31,1,0,0
BRDA:31,1,1,2
BRDA:43,2,0,0
BRDA:43,2,1,0
BRF:6
BRH:2
end_of_record
TN:
SF:src\modules\task.js
FN:2,(anonymous_0)
FNF:1
FNH:1
FNDA:2,(anonymous_0)
DA:3,2
DA:4,2
DA:5,2
LF:3
LH:3
BRF:0
BRH:0
end_of_record
